<?xml version="1.0" encoding="UTF-8"?>
<testsuite xmlns:xsi="http://www.w3.org/2001/XMLSchema-instance" xsi:noNamespaceSchemaLocation="https://maven.apache.org/surefire/maven-surefire-plugin/xsd/surefire-test-report.xsd" version="3.0.2" name="com.assignment.auth.AuthApplicationTests" time="1.408" tests="1" errors="0" skipped="0" failures="0">
  <properties>
[...]
</properties>
  <testcase name="contextLoads" classname="com.assignment.auth.AuthApplicationTests" time="0.45">
    <system-out><![CDATA[13:15:48.118 [main] INFO org.springframework.test.context.support.AnnotationConfigContextLoaderUtils -- Could not detect default configuration classes for test class [com.assignment.auth.AuthApplicationTests]: AuthApplicationTests does not declare any static, non-private, non-final, nested classes annotated with @Configuration.
13:15:48.170 [main] INFO org.springframework.boot.test.context.SpringBootTestContextBootstrapper -- Found @SpringBootConfiguration com.assignment.auth.AuthApplication for test class com.assignment.auth.AuthApplicationTests

  .   ____          _            __ _ _
 /\\ / ___'_ __ _ _(_)_ __  __ _ \ \ \ \
( ( )\___ | '_ | '_| | '_ \/ _` | \ \ \ \
 \\/  ___)| |_)| | | | | || (_| |  ) ) ) )
  '  |____| .__|_| |_|_| |_\__, | / / / /
 =========|_|==============|___/=/_/_/_/

 :: Spring Boot ::                (v3.4.1)

2025-01-12T13:15:48.392+05:30  INFO 20888 --- [auth] [           main] c.assignment.auth.AuthApplicationTests   : Starting AuthApplicationTests using Java 18.0.2.1 with PID 20888 (started by amansingh in /Users/amansingh/Downloads/auth)
2025-01-12T13:15:48.393+05:30  INFO 20888 --- [auth] [           main] c.assignment.auth.AuthApplicationTests   : No active profile set, falling back to 1 default profile: "default"
2025-01-12T13:15:48.972+05:30  INFO 20888 --- [auth] [           main] c.assignment.auth.AuthApplicationTests   : Started AuthApplicationTests in 0.711 seconds (process running for 1.191)
]]></system-out>
  </testcase>
</testsuite>